\BOOKMARK [1][-]{section.1}{\376\377\001\056\000v\000a\000d\000a\000s}{}% 1
\BOOKMARK [2][-]{subsection.1.1}{\376\377\000P\000r\000a\000k\000t\000i\000k\000o\000s\000\040\000v\000i\000e\000n\000o\000s\000\040\000p\000a\000s\000i\000r\000i\000n\000k\000i\000m\000o\000\040\000m\000o\000t\000y\000v\000a\000c\000i\000j\000a}{section.1}% 2
\BOOKMARK [2][-]{subsection.1.2}{\376\377\000P\000r\000a\000k\000t\000i\000k\000o\000s\000\040\000u\001\176\000d\000u\000o\000t\000i\000s}{section.1}% 3
\BOOKMARK [2][-]{subsection.1.3}{\376\377\000P\000r\000a\000k\000t\000i\000k\000o\000s\000\040\000t\000i\000k\000s\000l\000a\000s}{section.1}% 4
\BOOKMARK [2][-]{subsection.1.4}{\376\377\000S\000p\000r\001\031\000s\000t\000i\000\040\000p\000r\000a\000k\000t\000i\000k\000o\000s\000\040\000u\001\176\000d\000a\000v\000i\000n\000i\000a\000i}{section.1}% 5
\BOOKMARK [2][-]{subsection.1.5}{\376\377\000P\000r\000a\000k\000t\000i\000n\001\027\000s\000\040\000v\000e\000i\000k\000l\000o\000s\000\040\000p\000l\000a\000n\000a\000s}{section.1}% 6
\BOOKMARK [1][-]{section.2}{\376\377\001\056\000m\000o\000n\001\027\000s\000\040\000a\000p\000i\000b\001\153\000d\000i\000n\000i\000m\000a\000s}{}% 7
\BOOKMARK [2][-]{subsection.2.1}{\376\377\001\056\000m\000o\000n\001\027\000s\000\040\000v\000e\000i\000k\000l\000o\000s\000\040\000s\000r\000i\000t\000i\000s}{section.2}% 8
\BOOKMARK [2][-]{subsection.2.2}{\376\377\001\056\000m\000o\000n\001\027\000s\000\040\000o\000r\000g\000a\000n\000i\000z\000a\000c\000i\000n\001\027\000\040\000s\000t\000r\000u\000k\000t\001\153\000r\000a}{section.2}% 9
\BOOKMARK [2][-]{subsection.2.3}{\376\377\001\056\000m\000o\000n\001\027\000s\000\040\000t\000e\000i\000k\000i\000a\000m\000o\000s\000\040\000p\000a\000s\000l\000a\000u\000g\000o\000s}{section.2}% 10
\BOOKMARK [2][-]{subsection.2.4}{\376\377\000D\000a\000r\000b\000o\000\040\000s\001\005\000l\000y\000g\000o\000s}{section.2}% 11
\BOOKMARK [1][-]{section.3}{\376\377\000P\000r\000a\000k\000t\000i\000k\000o\000s\000\040\000v\000e\000i\000k\000l\000o\000s\000\040\000a\000p\000r\000a\001\141\000y\000m\000a\000s}{}% 12
\BOOKMARK [2][-]{subsection.3.1}{\376\377\000P\000r\000o\000j\000e\000k\000t\000a\000s}{section.3}% 13
\BOOKMARK [2][-]{subsection.3.2}{\376\377\000D\000a\000r\000b\000o\000\040\000p\000r\000o\000c\000e\000s\000a\000s}{section.3}% 14
\BOOKMARK [2][-]{subsection.3.3}{\376\377\000N\000a\000u\000d\000o\000t\000o\000s\000\040\000t\000e\000c\000h\000n\000o\000l\000o\000g\000i\000j\000o\000s}{section.3}% 15
\BOOKMARK [2][-]{subsection.3.4}{\376\377\000U\001\176\000d\000u\000o\000t\000i\000s\000:\000\040\000S\000u\000p\000r\000o\000j\000e\000k\000t\000u\000o\000t\000i\000\040\000d\000u\000o\000m\000e\000n\001\163\000\040\000b\000a\000z\001\027\000s\000\040\000s\000c\000h\000e\000m\001\005\000.}{section.3}% 16
\BOOKMARK [2][-]{subsection.3.5}{\376\377\000U\001\176\000d\000u\000o\000t\000i\000s\000:\000\040\000I\001\141\000r\000i\000n\000k\000t\000i\000\040\000J\000a\000v\000a\000\040\000p\000r\000o\000g\000r\000a\000m\000a\000v\000i\000m\000o\000\040\000k\000a\000r\000k\000a\000s\001\005\000\040\000t\000i\000n\000k\000a\000m\001\005\000\040\000d\000e\000b\000e\000s\000i\000j\000o\000s\000\040\000k\000o\000m\000p\000i\000u\000t\000e\000r\000i\000j\000a\000i\000.}{section.3}% 17
\BOOKMARK [2][-]{subsection.3.6}{\376\377\000U\001\176\000d\000u\000o\000t\000i\000s\000:\000\040\000S\000u\000p\000r\000o\000j\000e\000k\000t\000u\000o\000t\000i\000\040\000d\000u\000o\000m\000e\000n\001\163\000\040\000s\000i\000n\000c\000h\000r\000o\000n\000i\000z\000a\000v\000i\000m\000o\000\040\000a\000r\000c\000h\000i\000t\000e\000k\000t\001\153\000r\001\005\000\040\000t\000a\000r\000p\000\040\000a\000t\000s\000k\000i\000r\001\163\000\040\000d\000u\000o\000m\000e\000n\001\163\000\040\000b\000a\000z\000i\001\163\000.}{section.3}% 18
\BOOKMARK [2][-]{subsection.3.7}{\376\377\000U\001\176\000d\000u\000o\000t\000i\000s\000:\000\040\000P\000r\000o\000j\000e\000k\000t\000u\000i\000\040\000p\000a\000r\000i\000n\000k\000t\000i\000\040\000k\000o\000k\000y\000b\001\027\000s\000\040\000u\001\176\000t\000i\000k\000r\000i\000n\000i\000m\000o\000\040\000g\000e\000r\001\005\000s\000i\000a\000s\000\040\000p\000r\000a\000k\000t\000i\000k\000a\000s\000\040\000i\000r\000\040\000j\001\163\000\040\000v\000y\000k\000d\000y\000m\000o\000\040\000u\001\176\000t\000i\000k\000r\000i\000n\000i\000m\000o\000\040\000b\001\153\000d\000u\000s\000.}{section.3}% 19
\BOOKMARK [3][-]{subsubsection.3.7.1}{\376\377\000J\000a\000v\000a\000D\000o\000c\000s\000\040\000v\000a\000l\000i\000d\000a\000c\000i\000j\000a}{subsection.3.7}% 20
\BOOKMARK [3][-]{subsubsection.3.7.2}{\376\377\000P\000M\000D}{subsection.3.7}% 21
\BOOKMARK [3][-]{subsubsection.3.7.3}{\376\377\000S\000p\000o\000t\000B\000u\000g\000s}{subsection.3.7}% 22
\BOOKMARK [3][-]{subsubsection.3.7.4}{\376\377\000K\000o\000d\000o\000\040\000p\000r\000i\000k\000l\000a\000u\000s\000o\000m\000y\000b\000i\001\163\000\040\000t\000i\000k\000r\000i\000n\000i\000m\000a\000s}{subsection.3.7}% 23
\BOOKMARK [3][-]{subsubsection.3.7.5}{\376\377\000C\000h\000e\000c\000k\000m\000a\000r\000x\000\040\000i\000r\000\040\000S\000o\000n\000a\000r\000Q\000u\000b\000e}{subsection.3.7}% 24
\BOOKMARK [3][-]{subsubsection.3.7.6}{\376\377\000V\000i\000e\000n\000e\000t\000o\000\040\000i\000r\000\040\000i\000n\000t\000e\000g\000r\000a\000c\000i\000n\000i\000a\000i\000\040\000t\000e\000s\000t\000a\000i}{subsection.3.7}% 25
\BOOKMARK [3][-]{subsubsection.3.7.7}{\376\377\000K\000o\000d\000o\000\040\000f\000o\000r\000m\000a\000t\000a\000v\000i\000m\000a\000s}{subsection.3.7}% 26
\BOOKMARK [3][-]{subsubsection.3.7.8}{\376\377\000I\000n\000t\000e\000g\000r\000a\000c\000i\000j\000a\000\040\000s\000u\000\040\000G\000i\000t\000h\000u\000b\000\040\000A\000c\000t\000i\000o\000n\000s}{subsection.3.7}% 27
\BOOKMARK [1][-]{section.4}{\376\377\000R\000e\000z\000u\000l\000t\000a\000t\000a\000i\000,\000\040\000i\001\141\000v\000a\000d\000o\000s\000\040\000i\000r\000\040\000p\000a\000s\000i\001\153\000l\000y\000m\000a\000i}{}% 28
\BOOKMARK [2][-]{subsection.4.1}{\376\377\000R\000e\000z\000u\000l\000t\000a\000t\000a\000i}{section.4}% 29
\BOOKMARK [2][-]{subsection.4.2}{\376\377\000I\001\141\000v\000a\000d\000o\000s}{section.4}% 30
\BOOKMARK [2][-]{subsection.4.3}{\376\377\000P\000r\000i\000v\000a\000l\000u\000m\000a\000i\000\040\000i\000r\000\040\000t\000r\001\153\000k\000u\000m\000a\000i}{section.4}% 31
\BOOKMARK [2][-]{subsection.4.4}{\376\377\000P\000a\000s\000i\001\153\000l\000y\000m\000a\000i}{section.4}% 32
